<?xml version="1.0" encoding="utf-8"?><testsuites name="pytest tests"><testsuite name="pytest" errors="0" failures="0" skipped="0" tests="21" time="7.671" timestamp="2026-04-10T20:57:54.772216+00:00" hostname="agent-env-d87fc225-204e-4eef-a790-f719f7a652ee"><testcase classname="backend.tests.test_nameh_api.TestHealth" name="test_health_endpoint" time="0.508" /><testcase classname="backend.tests.test_nameh_api.TestHealth" name="test_live_endpoint" time="0.291" /><testcase classname="backend.tests.test_nameh_api.TestAuth" name="test_login_with_demo_credentials" time="0.300" /><testcase classname="backend.tests.test_nameh_api.TestAuth" name="test_login_invalid_credentials" time="0.080" /><testcase classname="backend.tests.test_nameh_api.TestAuth" name="test_register_new_user" time="0.317" /><testcase classname="backend.tests.test_nameh_api.TestAuth" name="test_register_duplicate_email" time="0.067" /><testcase classname="backend.tests.test_nameh_api.TestMailFolders" name="test_get_folders" time="0.391" /><testcase classname="backend.tests.test_nameh_api.TestEmails" name="test_get_inbox_emails" time="0.383" /><testcase classname="backend.tests.test_nameh_api.TestEmails" name="test_get_sent_emails" time="0.374" /><testcase classname="backend.tests.test_nameh_api.TestEmails" name="test_get_spam_emails" time="0.366" /><testcase classname="backend.tests.test_nameh_api.TestEmails" name="test_get_emails_by_category" time="0.350" /><testcase classname="backend.tests.test_nameh_api.TestEmails" name="test_search_emails" time="0.357" /><testcase classname="backend.tests.test_nameh_api.TestEmails" name="test_get_email_detail" time="0.448" /><testcase classname="backend.tests.test_nameh_api.TestEmailActions" name="test_star_unstar_email" time="0.506" /><testcase classname="backend.tests.test_nameh_api.TestEmailActions" name="test_mark_read_unread" time="0.605" /><testcase classname="backend.tests.test_nameh_api.TestBulkActions" name="test_bulk_mark_read" time="0.397" /><testcase classname="backend.tests.test_nameh_api.TestLabels" name="test_get_labels" time="0.355" /><testcase classname="backend.tests.test_nameh_api.TestSettings" name="test_get_settings" time="0.341" /><testcase classname="backend.tests.test_nameh_api.TestSettings" name="test_update_settings" time="0.423" /><testcase classname="backend.tests.test_nameh_api.TestCompose" name="test_compose_email" time="0.369" /><testcase classname="backend.tests.test_nameh_api.TestLabelFiltering" name="test_emails_have_labels" time="0.358" /></testsuite></testsuites>